\BOOKMARK [1][-]{section.1}{\376\377\000I\000n\000t\000r\000o\000d\000u\000c\000t\000i\000o\000n}{}% 1
\BOOKMARK [2][-]{subsection.1.1}{\376\377\000M\000o\000t\000i\000v\000a\000t\000i\000o\000n}{section.1}% 2
\BOOKMARK [2][-]{subsection.1.2}{\376\377\000W\000h\000y\000\040\000C\000u\000r\000r\000e\000n\000t\000\040\000R\000L\000\040\000S\000y\000s\000t\000e\000m\000s\000\040\000L\000a\000c\000k\000\040\000C\000u\000l\000t\000u\000r\000a\000l\000\040\000C\000o\000n\000t\000i\000n\000u\000i\000t\000y}{section.1}% 3
\BOOKMARK [2][-]{subsection.1.3}{\376\377\000W\000h\000y\000\040\000S\000y\000m\000b\000o\000l\000\040\000E\000m\000e\000r\000g\000e\000n\000c\000e\000\040\000M\000a\000t\000t\000e\000r\000s}{section.1}% 4
\BOOKMARK [2][-]{subsection.1.4}{\376\377\000W\000h\000y\000\040\000L\000a\000n\000g\000u\000a\000g\000e\000\040\000a\000n\000d\000\040\000A\000b\000s\000t\000r\000a\000c\000t\000i\000o\000n\000\040\000A\000r\000e\000\040\000K\000e\000y}{section.1}% 5
\BOOKMARK [2][-]{subsection.1.5}{\376\377\000W\000h\000y\000\040\000M\000u\000l\000t\000i\000-\000T\000r\000i\000b\000e\000\040\000T\000r\000a\000n\000s\000f\000e\000r\000\040\000I\000s\000\040\000I\000m\000p\000o\000r\000t\000a\000n\000t}{section.1}% 6
\BOOKMARK [2][-]{subsection.1.6}{\376\377\000C\000o\000r\000e\000\040\000H\000y\000p\000o\000t\000h\000e\000s\000i\000s}{section.1}% 7
\BOOKMARK [2][-]{subsection.1.7}{\376\377\000C\000o\000n\000t\000r\000i\000b\000u\000t\000i\000o\000n\000s}{section.1}% 8
\BOOKMARK [2][-]{subsection.1.8}{\376\377\000S\000c\000o\000p\000e}{section.1}% 9
\BOOKMARK [1][-]{section.2}{\376\377\000R\000e\000l\000a\000t\000e\000d\000\040\000W\000o\000r\000k}{}% 10
\BOOKMARK [2][-]{subsection.2.1}{\376\377\000A\000g\000e\000n\000t\000-\000B\000a\000s\000e\000d\000\040\000S\000o\000c\000i\000a\000l\000\040\000S\000i\000m\000u\000l\000a\000t\000i\000o\000n}{section.2}% 11
\BOOKMARK [2][-]{subsection.2.2}{\376\377\000E\000m\000e\000r\000g\000e\000n\000t\000\040\000C\000o\000m\000m\000u\000n\000i\000c\000a\000t\000i\000o\000n}{section.2}% 12
\BOOKMARK [2][-]{subsection.2.3}{\376\377\000S\000y\000m\000b\000o\000l\000\040\000G\000r\000o\000u\000n\000d\000i\000n\000g}{section.2}% 13
\BOOKMARK [2][-]{subsection.2.4}{\376\377\000C\000i\000v\000i\000l\000i\000z\000a\000t\000i\000o\000n\000a\000l\000\040\000C\000o\000l\000l\000a\000p\000s\000e}{section.2}% 14
\BOOKMARK [2][-]{subsection.2.5}{\376\377\000C\000o\000m\000p\000a\000r\000i\000s\000o\000n\000\040\000t\000o\000\040\000A\000l\000t\000e\000r\000n\000a\000t\000i\000v\000e\000\040\000A\000p\000p\000r\000o\000a\000c\000h\000e\000s}{section.2}% 15
\BOOKMARK [2][-]{subsection.2.6}{\376\377\000A\000I\000\040\000S\000a\000f\000e\000t\000y\000\040\000I\000m\000p\000l\000i\000c\000a\000t\000i\000o\000n\000s}{section.2}% 16
\BOOKMARK [1][-]{section.3}{\376\377\000E\000n\000v\000i\000r\000o\000n\000m\000e\000n\000t\000\040\000D\000e\000s\000i\000g\000n}{}% 17
\BOOKMARK [2][-]{subsection.3.1}{\376\377\000G\000r\000i\000d\000\040\000W\000o\000r\000l\000d}{section.3}% 18
\BOOKMARK [2][-]{subsection.3.2}{\376\377\000S\000t\000o\000c\000h\000a\000s\000t\000i\000c\000\040\000W\000o\000r\000l\000d\000\040\000T\000i\000m\000e}{section.3}% 19
\BOOKMARK [2][-]{subsection.3.3}{\376\377\000A\000r\000t\000i\000f\000a\000c\000t\000s\000:\000\040\000K\000n\000o\000w\000l\000e\000d\000g\000e\000-\000O\000n\000l\000y\000\040\000S\000t\000r\000u\000c\000t\000u\000r\000e\000s}{section.3}% 20
\BOOKMARK [1][-]{section.4}{\376\377\000A\000g\000e\000n\000t\000\040\000A\000r\000c\000h\000i\000t\000e\000c\000t\000u\000r\000e}{}% 21
\BOOKMARK [2][-]{subsection.4.1}{\376\377\000P\000h\000y\000s\000i\000o\000l\000o\000g\000y}{section.4}% 22
\BOOKMARK [2][-]{subsection.4.2}{\376\377\000C\000o\000g\000n\000i\000t\000i\000o\000n}{section.4}% 23
\BOOKMARK [2][-]{subsection.4.3}{\376\377\000M\000u\000l\000t\000i\000-\000S\000t\000e\000p\000\040\000P\000l\000a\000n\000n\000i\000n\000g}{section.4}% 24
\BOOKMARK [2][-]{subsection.4.4}{\376\377\000C\000u\000l\000t\000u\000r\000a\000l\000\040\000C\000o\000m\000m\000u\000n\000i\000c\000a\000t\000i\000o\000n}{section.4}% 25
\BOOKMARK [1][-]{section.5}{\376\377\000S\000y\000m\000b\000o\000l\000\040\000S\000y\000s\000t\000e\000m}{}% 26
\BOOKMARK [2][-]{subsection.5.1}{\376\377\000L\000e\000v\000e\000l\000\040\0001\000:\000\040\000R\000a\000w\000\040\000S\000y\000m\000b\000o\000l\000s}{section.5}% 27
\BOOKMARK [2][-]{subsection.5.2}{\376\377\000L\000e\000v\000e\000l\000\040\0002\000:\000\040\000C\000o\000m\000p\000o\000s\000e\000d\000\040\000S\000y\000m\000b\000o\000l\000s\000\040\000\050\000L\000a\000n\000g\000u\000a\000g\000e\000\040\000E\000m\000e\000r\000g\000e\000n\000c\000e\000\051}{section.5}% 28
\BOOKMARK [2][-]{subsection.5.3}{\376\377\000L\000e\000v\000e\000l\000\040\0003\000:\000\040\000M\000e\000t\000a\000\040\000S\000y\000m\000b\000o\000l\000s}{section.5}% 29
\BOOKMARK [2][-]{subsection.5.4}{\376\377\000S\000y\000m\000b\000o\000l\000\040\000R\000o\000l\000e\000s\000\040\000i\000n\000\040\000D\000e\000t\000a\000i\000l}{section.5}% 30
\BOOKMARK [1][-]{section.6}{\376\377\000C\000u\000l\000t\000u\000r\000a\000l\000\040\000M\000e\000m\000o\000r\000y\000\040\000a\000n\000d\000\040\000F\000o\000r\000g\000e\000t\000t\000i\000n\000g}{}% 31
\BOOKMARK [2][-]{subsection.6.1}{\376\377\000M\000e\000m\000o\000r\000y\000\040\000V\000a\000u\000l\000t}{section.6}% 32
\BOOKMARK [2][-]{subsection.6.2}{\376\377\000C\000u\000l\000t\000u\000r\000a\000l\000\040\000L\000o\000a\000d\000\040\000P\000r\000e\000s\000s\000u\000r\000e}{section.6}% 33
\BOOKMARK [2][-]{subsection.6.3}{\376\377\000F\000o\000r\000g\000e\000t\000t\000i\000n\000g\000\040\000R\000u\000l\000e\000s}{section.6}% 34
\BOOKMARK [2][-]{subsection.6.4}{\376\377\000S\000n\000a\000p\000s\000h\000o\000t\000\040\000a\000n\000d\000\040\000R\000e\000s\000t\000o\000r\000e}{section.6}% 35
\BOOKMARK [1][-]{section.7}{\376\377\000I\000n\000t\000e\000r\000-\000T\000r\000i\000b\000e\000\040\000K\000n\000o\000w\000l\000e\000d\000g\000e\000\040\000T\000r\000a\000n\000s\000f\000e\000r}{}% 36
\BOOKMARK [2][-]{subsection.7.1}{\376\377\000S\000y\000m\000b\000o\000l\000\040\000A\000d\000o\000p\000t\000i\000o\000n}{section.7}% 37
\BOOKMARK [2][-]{subsection.7.2}{\376\377\000C\000u\000l\000t\000u\000r\000a\000l\000\040\000C\000o\000m\000p\000e\000t\000i\000t\000i\000o\000n}{section.7}% 38
\BOOKMARK [2][-]{subsection.7.3}{\376\377\000I\000n\000f\000o\000r\000m\000a\000t\000i\000o\000n\000\040\000D\000i\000f\000f\000u\000s\000i\000o\000n\000\040\000M\000o\000d\000e\000l}{section.7}% 39
\BOOKMARK [1][-]{section.8}{\376\377\000M\000e\000t\000r\000i\000c\000s}{}% 40
\BOOKMARK [2][-]{subsection.8.1}{\376\377\000W\000o\000r\000l\000d\000\040\000M\000e\000t\000r\000i\000c\000s}{section.8}% 41
\BOOKMARK [2][-]{subsection.8.2}{\376\377\000K\000n\000o\000w\000l\000e\000d\000g\000e\000\040\000M\000e\000t\000r\000i\000c\000s}{section.8}% 42
\BOOKMARK [1][-]{section.9}{\376\377\000M\000a\000t\000h\000e\000m\000a\000t\000i\000c\000a\000l\000\040\000F\000o\000r\000m\000a\000l\000i\000z\000a\000t\000i\000o\000n}{}% 43
\BOOKMARK [2][-]{subsection.9.1}{\376\377\000C\000u\000l\000t\000u\000r\000a\000l\000\040\000L\000o\000a\000d}{section.9}% 44
\BOOKMARK [2][-]{subsection.9.2}{\376\377\000S\000u\000r\000p\000r\000i\000s\000e\000\040\000F\000u\000n\000c\000t\000i\000o\000n}{section.9}% 45
\BOOKMARK [2][-]{subsection.9.3}{\376\377\000T\000r\000a\000n\000s\000i\000t\000i\000o\000n\000\040\000P\000r\000o\000b\000a\000b\000i\000l\000i\000t\000y}{section.9}% 46
\BOOKMARK [2][-]{subsection.9.4}{\376\377\000S\000t\000a\000b\000i\000l\000i\000t\000y\000\040\000C\000r\000i\000t\000e\000r\000i\000o\000n}{section.9}% 47
\BOOKMARK [1][-]{section.10}{\376\377\000I\000m\000p\000l\000e\000m\000e\000n\000t\000a\000t\000i\000o\000n}{}% 48
\BOOKMARK [2][-]{subsection.10.1}{\376\377\000M\000a\000i\000n\000\040\000S\000i\000m\000u\000l\000a\000t\000i\000o\000n\000\040\000L\000o\000o\000p}{section.10}% 49
\BOOKMARK [2][-]{subsection.10.2}{\376\377\000P\000e\000r\000s\000i\000s\000t\000e\000n\000c\000e\000\040\000S\000y\000s\000t\000e\000m}{section.10}% 50
\BOOKMARK [2][-]{subsection.10.3}{\376\377\000D\000e\000t\000e\000r\000m\000i\000n\000i\000s\000t\000i\000c\000\040\000v\000s\000\040\000S\000t\000o\000c\000h\000a\000s\000t\000i\000c\000\040\000E\000l\000e\000m\000e\000n\000t\000s}{section.10}% 51
\BOOKMARK [2][-]{subsection.10.4}{\376\377\000L\000o\000g\000g\000i\000n\000g\000\040\000a\000n\000d\000\040\000R\000e\000p\000r\000o\000d\000u\000c\000i\000b\000i\000l\000i\000t\000y}{section.10}% 52
\BOOKMARK [2][-]{subsection.10.5}{\376\377\000R\000a\000n\000d\000o\000m\000\040\000S\000e\000e\000d\000\040\000C\000o\000n\000t\000r\000o\000l}{section.10}% 53
\BOOKMARK [1][-]{section.11}{\376\377\000E\000x\000p\000e\000r\000i\000m\000e\000n\000t\000s}{}% 54
\BOOKMARK [2][-]{subsection.11.1}{\376\377\000E\000x\000p\000e\000r\000i\000m\000e\000n\000t\000a\000l\000\040\000S\000e\000t\000u\000p}{section.11}% 55
\BOOKMARK [2][-]{subsection.11.2}{\376\377\000E\000x\000p\000e\000r\000i\000m\000e\000n\000t\000\040\0001\000:\000\040\000N\000o\000\040\000A\000r\000t\000i\000f\000a\000c\000t\000s}{section.11}% 56
\BOOKMARK [2][-]{subsection.11.3}{\376\377\000E\000x\000p\000e\000r\000i\000m\000e\000n\000t\000\040\0002\000:\000\040\000N\000o\000\040\000F\000o\000r\000g\000e\000t\000t\000i\000n\000g}{section.11}% 57
\BOOKMARK [2][-]{subsection.11.4}{\376\377\000E\000x\000p\000e\000r\000i\000m\000e\000n\000t\000\040\0003\000:\000\040\000N\000o\000\040\000I\000n\000t\000e\000r\000-\000T\000r\000i\000b\000e\000\040\000T\000r\000a\000n\000s\000f\000e\000r}{section.11}% 58
\BOOKMARK [2][-]{subsection.11.5}{\376\377\000E\000x\000p\000e\000r\000i\000m\000e\000n\000t\000\040\0004\000:\000\040\000H\000i\000g\000h\000\040\000E\000n\000v\000i\000r\000o\000n\000m\000e\000n\000t\000a\000l\000\040\000V\000o\000l\000a\000t\000i\000l\000i\000t\000y}{section.11}% 59
\BOOKMARK [2][-]{subsection.11.6}{\376\377\000E\000x\000p\000e\000r\000i\000m\000e\000n\000t\000\040\0005\000:\000\040\000W\000a\000r\000\040\000D\000i\000s\000t\000r\000i\000b\000u\000t\000i\000o\000n}{section.11}% 60
\BOOKMARK [2][-]{subsection.11.7}{\376\377\000E\000x\000p\000e\000r\000i\000m\000e\000n\000t\000\040\0006\000:\000\040\000C\000o\000l\000l\000a\000p\000s\000e\000\040\000A\000r\000c\000h\000e\000t\000y\000p\000e\000s}{section.11}% 61
\BOOKMARK [2][-]{subsection.11.8}{\376\377\000E\000x\000p\000e\000r\000i\000m\000e\000n\000t\000\040\0007\000:\000\040\000C\000o\000m\000p\000l\000e\000x\000i\000t\000y\000\040\000E\000v\000o\000l\000u\000t\000i\000o\000n}{section.11}% 62
\BOOKMARK [2][-]{subsection.11.9}{\376\377\000E\000x\000p\000e\000r\000i\000m\000e\000n\000t\000\040\0008\000:\000\040\000K\000n\000o\000w\000l\000e\000d\000g\000e\000\040\000R\000e\000t\000e\000n\000t\000i\000o\000n}{section.11}% 63
\BOOKMARK [1][-]{section.12}{\376\377\000T\000h\000e\000o\000r\000e\000t\000i\000c\000a\000l\000\040\000F\000r\000a\000m\000i\000n\000g}{}% 64
\BOOKMARK [2][-]{subsection.12.1}{\376\377\000C\000u\000l\000t\000u\000r\000a\000l\000\040\000C\000o\000m\000p\000r\000e\000s\000s\000i\000o\000n\000\040\000H\000y\000p\000o\000t\000h\000e\000s\000i\000s}{section.12}% 65
\BOOKMARK [2][-]{subsection.12.2}{\376\377\000P\000r\000e\000d\000i\000c\000t\000i\000v\000e\000\040\000S\000u\000r\000v\000i\000v\000a\000l\000\040\000H\000y\000p\000o\000t\000h\000e\000s\000i\000s}{section.12}% 66
\BOOKMARK [2][-]{subsection.12.3}{\376\377\000S\000y\000m\000b\000o\000l\000\040\000C\000o\000m\000p\000e\000t\000i\000t\000i\000o\000n\000\040\000H\000y\000p\000o\000t\000h\000e\000s\000i\000s}{section.12}% 67
\BOOKMARK [1][-]{section.13}{\376\377\000R\000e\000s\000u\000l\000t\000s}{}% 68
\BOOKMARK [2][-]{subsection.13.1}{\376\377\000E\000x\000p\000e\000r\000i\000m\000e\000n\000t\000\040\0001\000:\000\040\000N\000o\000\040\000A\000r\000t\000i\000f\000a\000c\000t\000s}{section.13}% 69
\BOOKMARK [2][-]{subsection.13.2}{\376\377\000E\000x\000p\000e\000r\000i\000m\000e\000n\000t\000\040\0002\000:\000\040\000N\000o\000\040\000F\000o\000r\000g\000e\000t\000t\000i\000n\000g}{section.13}% 70
\BOOKMARK [2][-]{subsection.13.3}{\376\377\000E\000x\000p\000e\000r\000i\000m\000e\000n\000t\000\040\0003\000:\000\040\000N\000o\000\040\000I\000n\000t\000e\000r\000-\000T\000r\000i\000b\000e\000\040\000T\000r\000a\000n\000s\000f\000e\000r}{section.13}% 71
\BOOKMARK [2][-]{subsection.13.4}{\376\377\000E\000x\000p\000e\000r\000i\000m\000e\000n\000t\000\040\0004\000:\000\040\000H\000i\000g\000h\000\040\000V\000o\000l\000a\000t\000i\000l\000i\000t\000y}{section.13}% 72
\BOOKMARK [2][-]{subsection.13.5}{\376\377\000E\000x\000p\000e\000r\000i\000m\000e\000n\000t\000\040\0005\000:\000\040\000W\000a\000r\000\040\000D\000i\000s\000t\000r\000i\000b\000u\000t\000i\000o\000n}{section.13}% 73
\BOOKMARK [2][-]{subsection.13.6}{\376\377\000E\000x\000p\000e\000r\000i\000m\000e\000n\000t\000\040\0006\000:\000\040\000C\000o\000l\000l\000a\000p\000s\000e\000\040\000A\000r\000c\000h\000e\000t\000y\000p\000e\000s}{section.13}% 74
\BOOKMARK [2][-]{subsection.13.7}{\376\377\000E\000x\000p\000e\000r\000i\000m\000e\000n\000t\000\040\0007\000:\000\040\000C\000o\000m\000p\000l\000e\000x\000i\000t\000y\000\040\000E\000v\000o\000l\000u\000t\000i\000o\000n}{section.13}% 75
\BOOKMARK [2][-]{subsection.13.8}{\376\377\000E\000x\000p\000e\000r\000i\000m\000e\000n\000t\000\040\0008\000:\000\040\000K\000n\000o\000w\000l\000e\000d\000g\000e\000\040\000R\000e\000t\000e\000n\000t\000i\000o\000n}{section.13}% 76
\BOOKMARK [1][-]{section.14}{\376\377\000V\000i\000s\000u\000a\000l\000i\000z\000a\000t\000i\000o\000n\000s}{}% 77
\BOOKMARK [1][-]{section.15}{\376\377\000L\000i\000m\000i\000t\000a\000t\000i\000o\000n\000s}{}% 78
\BOOKMARK [2][-]{subsection.15.1}{\376\377\000M\000o\000d\000e\000l\000\040\000S\000i\000m\000p\000l\000i\000f\000i\000c\000a\000t\000i\000o\000n\000s}{section.15}% 79
\BOOKMARK [2][-]{subsection.15.2}{\376\377\000C\000o\000m\000p\000u\000t\000a\000t\000i\000o\000n\000a\000l\000\040\000L\000i\000m\000i\000t\000s}{section.15}% 80
\BOOKMARK [2][-]{subsection.15.3}{\376\377\000R\000e\000p\000r\000e\000s\000e\000n\000t\000a\000t\000i\000o\000n\000\040\000L\000i\000m\000i\000t\000s}{section.15}% 81
\BOOKMARK [1][-]{section.16}{\376\377\000F\000u\000t\000u\000r\000e\000\040\000W\000o\000r\000k}{}% 82
\BOOKMARK [2][-]{subsection.16.1}{\376\377\000L\000L\000M\000\040\000I\000n\000t\000e\000g\000r\000a\000t\000i\000o\000n}{section.16}% 83
\BOOKMARK [2][-]{subsection.16.2}{\376\377\000R\000e\000a\000l\000\040\000T\000e\000x\000t\000-\000B\000a\000s\000e\000d\000\040\000L\000a\000n\000g\000u\000a\000g\000e}{section.16}% 84
\BOOKMARK [2][-]{subsection.16.3}{\376\377\000V\000i\000s\000u\000a\000l\000\040\000I\000n\000t\000e\000r\000f\000a\000c\000e}{section.16}% 85
\BOOKMARK [2][-]{subsection.16.4}{\376\377\000E\000c\000o\000n\000o\000m\000i\000c\000\040\000L\000a\000y\000e\000r}{section.16}% 86
\BOOKMARK [2][-]{subsection.16.5}{\376\377\000W\000a\000r\000f\000a\000r\000e\000\040\000L\000a\000y\000e\000r}{section.16}% 87
\BOOKMARK [2][-]{subsection.16.6}{\376\377\000C\000r\000o\000s\000s\000-\000W\000o\000r\000l\000d\000\040\000M\000i\000g\000r\000a\000t\000i\000o\000n}{section.16}% 88
\BOOKMARK [1][-]{section.17}{\376\377\000C\000o\000n\000c\000l\000u\000s\000i\000o\000n}{}% 89
